::1 - - [26/Sep/2021:11:02:24 +0000] "POST /login HTTP/1.1" - - "http://localhost:3000/" "Mozilla/5.0 (Windows NT 10.0; Win64; x64) AppleWebKit/537.36 (KHTML, like Gecko) Chrome/93.0.4577.82 Safari/537.36 Edg/93.0.961.52"
::1 - - [26/Sep/2021:11:02:57 +0000] "POST /login HTTP/1.1" - - "http://localhost:3000/" "Mozilla/5.0 (Windows NT 10.0; Win64; x64) AppleWebKit/537.36 (KHTML, like Gecko) Chrome/93.0.4577.82 Safari/537.36 Edg/93.0.961.52"
::1 - - [26/Sep/2021:11:07:06 +0000] "POST /login HTTP/1.1" - - "http://localhost:3000/" "Mozilla/5.0 (Linux; Android 6.0; Nexus 5 Build/MRA58N) AppleWebKit/537.36 (KHTML, like Gecko) Chrome/93.0.4577.82 Mobile Safari/537.36"
::1 - - [26/Sep/2021:11:08:06 +0000] "POST /login HTTP/1.1" - - "http://localhost:3000/" "Mozilla/5.0 (Linux; Android 6.0; Nexus 5 Build/MRA58N) AppleWebKit/537.36 (KHTML, like Gecko) Chrome/93.0.4577.82 Mobile Safari/537.36"
::1 - - [26/Sep/2021:11:09:28 +0000] "POST /login HTTP/1.1" - - "http://localhost:3000/" "Mozilla/5.0 (Linux; Android 6.0; Nexus 5 Build/MRA58N) AppleWebKit/537.36 (KHTML, like Gecko) Chrome/93.0.4577.82 Mobile Safari/537.36"
::1 - - [26/Sep/2021:11:10:55 +0000] "GET /login HTTP/1.1" 404 144 "-" "Mozilla/5.0 (Windows NT 10.0; Win64; x64) AppleWebKit/537.36 (KHTML, like Gecko) Chrome/93.0.4577.82 Safari/537.36"
::1 - - [26/Sep/2021:11:14:01 +0000] "POST /login HTTP/1.1" - - "-" "PostmanRuntime/7.28.2"
::1 - - [26/Sep/2021:11:17:56 +0000] "POST /login HTTP/1.1" 200 2 "http://localhost:3000/" "Mozilla/5.0 (Linux; Android 6.0; Nexus 5 Build/MRA58N) AppleWebKit/537.36 (KHTML, like Gecko) Chrome/93.0.4577.82 Mobile Safari/537.36"
::1 - - [26/Sep/2021:11:19:27 +0000] "POST /login HTTP/1.1" 200 2 "http://localhost:3000/" "Mozilla/5.0 (Linux; Android 6.0; Nexus 5 Build/MRA58N) AppleWebKit/537.36 (KHTML, like Gecko) Chrome/93.0.4577.82 Mobile Safari/537.36"
::1 - - [26/Sep/2021:11:21:45 +0000] "POST /login HTTP/1.1" 200 23 "http://localhost:3000/" "Mozilla/5.0 (Linux; Android 6.0; Nexus 5 Build/MRA58N) AppleWebKit/537.36 (KHTML, like Gecko) Chrome/93.0.4577.82 Mobile Safari/537.36"
::1 - - [26/Sep/2021:11:22:59 +0000] "POST /login HTTP/1.1" 200 23 "http://localhost:3000/" "Mozilla/5.0 (Linux; Android 6.0; Nexus 5 Build/MRA58N) AppleWebKit/537.36 (KHTML, like Gecko) Chrome/93.0.4577.82 Mobile Safari/537.36"
::1 - - [26/Sep/2021:11:30:54 +0000] "POST /login HTTP/1.1" 200 23 "http://localhost:3000/" "Mozilla/5.0 (Linux; Android 6.0; Nexus 5 Build/MRA58N) AppleWebKit/537.36 (KHTML, like Gecko) Chrome/93.0.4577.82 Mobile Safari/537.36"
::1 - - [26/Sep/2021:11:35:37 +0000] "POST /login HTTP/1.1" 200 23 "http://localhost:3000/" "Mozilla/5.0 (Linux; Android 6.0; Nexus 5 Build/MRA58N) AppleWebKit/537.36 (KHTML, like Gecko) Chrome/93.0.4577.82 Mobile Safari/537.36"
::1 - - [26/Sep/2021:11:36:25 +0000] "POST /login HTTP/1.1" 200 23 "http://localhost:3000/" "Mozilla/5.0 (Linux; Android 6.0; Nexus 5 Build/MRA58N) AppleWebKit/537.36 (KHTML, like Gecko) Chrome/93.0.4577.82 Mobile Safari/537.36"
::1 - - [26/Sep/2021:11:38:52 +0000] "POST /login HTTP/1.1" 200 23 "http://localhost:3000/" "Mozilla/5.0 (Linux; Android 6.0; Nexus 5 Build/MRA58N) AppleWebKit/537.36 (KHTML, like Gecko) Chrome/93.0.4577.82 Mobile Safari/537.36"
::1 - - [26/Sep/2021:12:40:22 +0000] "POST /login HTTP/1.1" 200 23 "http://localhost:3000/" "Mozilla/5.0 (Windows NT 10.0; Win64; x64) AppleWebKit/537.36 (KHTML, like Gecko) Chrome/93.0.4577.82 Safari/537.36"
::1 - - [26/Sep/2021:12:40:24 +0000] "POST /login HTTP/1.1" 200 23 "http://localhost:3000/" "Mozilla/5.0 (Windows NT 10.0; Win64; x64) AppleWebKit/537.36 (KHTML, like Gecko) Chrome/93.0.4577.82 Safari/537.36"
::1 - - [26/Sep/2021:12:41:02 +0000] "POST /login HTTP/1.1" 200 23 "http://localhost:3000/" "Mozilla/5.0 (Windows NT 10.0; Win64; x64) AppleWebKit/537.36 (KHTML, like Gecko) Chrome/93.0.4577.82 Safari/537.36"
::1 - - [26/Sep/2021:12:42:08 +0000] "POST /login HTTP/1.1" 200 23 "http://localhost:3000/" "Mozilla/5.0 (Windows NT 10.0; Win64; x64) AppleWebKit/537.36 (KHTML, like Gecko) Chrome/93.0.4577.82 Safari/537.36"
::1 - - [26/Sep/2021:12:42:42 +0000] "POST /login HTTP/1.1" 200 23 "http://localhost:3000/" "Mozilla/5.0 (Windows NT 10.0; Win64; x64) AppleWebKit/537.36 (KHTML, like Gecko) Chrome/93.0.4577.82 Safari/537.36"
::1 - - [26/Sep/2021:12:42:44 +0000] "POST /login HTTP/1.1" 200 23 "http://localhost:3000/" "Mozilla/5.0 (Windows NT 10.0; Win64; x64) AppleWebKit/537.36 (KHTML, like Gecko) Chrome/93.0.4577.82 Safari/537.36"
::1 - - [26/Sep/2021:12:42:46 +0000] "POST /login HTTP/1.1" 200 23 "http://localhost:3000/" "Mozilla/5.0 (Windows NT 10.0; Win64; x64) AppleWebKit/537.36 (KHTML, like Gecko) Chrome/93.0.4577.82 Safari/537.36"
::1 - - [26/Sep/2021:12:43:51 +0000] "POST /login HTTP/1.1" 200 23 "http://localhost:3000/" "Mozilla/5.0 (Windows NT 10.0; Win64; x64) AppleWebKit/537.36 (KHTML, like Gecko) Chrome/93.0.4577.82 Safari/537.36"
::1 - - [26/Sep/2021:12:55:36 +0000] "POST /login HTTP/1.1" 200 23 "http://localhost:3000/" "Mozilla/5.0 (Linux; Android 6.0; Nexus 5 Build/MRA58N) AppleWebKit/537.36 (KHTML, like Gecko) Chrome/93.0.4577.82 Mobile Safari/537.36"
::1 - - [26/Sep/2021:16:46:02 +0000] "POST /login HTTP/1.1" 200 23 "http://localhost:3000/" "Mozilla/5.0 (Linux; Android 6.0; Nexus 5 Build/MRA58N) AppleWebKit/537.36 (KHTML, like Gecko) Chrome/93.0.4577.82 Mobile Safari/537.36"
::1 - - [26/Sep/2021:17:20:22 +0000] "POST /login HTTP/1.1" 200 23 "http://localhost:3000/" "Mozilla/5.0 (Linux; Android 6.0; Nexus 5 Build/MRA58N) AppleWebKit/537.36 (KHTML, like Gecko) Chrome/93.0.4577.82 Mobile Safari/537.36"
::1 - - [26/Sep/2021:17:27:16 +0000] "POST /login HTTP/1.1" 200 23 "http://localhost:3000/" "Mozilla/5.0 (Linux; Android 6.0; Nexus 5 Build/MRA58N) AppleWebKit/537.36 (KHTML, like Gecko) Chrome/93.0.4577.82 Mobile Safari/537.36"
::1 - - [26/Sep/2021:17:37:07 +0000] "POST /login HTTP/1.1" 200 23 "http://localhost:3000/" "Mozilla/5.0 (Linux; Android 6.0; Nexus 5 Build/MRA58N) AppleWebKit/537.36 (KHTML, like Gecko) Chrome/93.0.4577.82 Mobile Safari/537.36"
::1 - - [26/Sep/2021:17:37:11 +0000] "POST /login HTTP/1.1" 200 23 "http://localhost:3000/" "Mozilla/5.0 (Linux; Android 6.0; Nexus 5 Build/MRA58N) AppleWebKit/537.36 (KHTML, like Gecko) Chrome/93.0.4577.82 Mobile Safari/537.36"
::1 - - [26/Sep/2021:17:37:12 +0000] "POST /login HTTP/1.1" 200 23 "http://localhost:3000/" "Mozilla/5.0 (Linux; Android 6.0; Nexus 5 Build/MRA58N) AppleWebKit/537.36 (KHTML, like Gecko) Chrome/93.0.4577.82 Mobile Safari/537.36"
::1 - - [26/Sep/2021:17:37:13 +0000] "POST /login HTTP/1.1" 200 23 "http://localhost:3000/" "Mozilla/5.0 (Linux; Android 6.0; Nexus 5 Build/MRA58N) AppleWebKit/537.36 (KHTML, like Gecko) Chrome/93.0.4577.82 Mobile Safari/537.36"
::1 - - [26/Sep/2021:17:37:13 +0000] "POST /login HTTP/1.1" 200 23 "http://localhost:3000/" "Mozilla/5.0 (Linux; Android 6.0; Nexus 5 Build/MRA58N) AppleWebKit/537.36 (KHTML, like Gecko) Chrome/93.0.4577.82 Mobile Safari/537.36"
::1 - - [26/Sep/2021:17:37:14 +0000] "POST /login HTTP/1.1" 200 23 "http://localhost:3000/" "Mozilla/5.0 (Linux; Android 6.0; Nexus 5 Build/MRA58N) AppleWebKit/537.36 (KHTML, like Gecko) Chrome/93.0.4577.82 Mobile Safari/537.36"
::1 - - [26/Sep/2021:17:37:14 +0000] "POST /login HTTP/1.1" 200 23 "http://localhost:3000/" "Mozilla/5.0 (Linux; Android 6.0; Nexus 5 Build/MRA58N) AppleWebKit/537.36 (KHTML, like Gecko) Chrome/93.0.4577.82 Mobile Safari/537.36"
::1 - - [26/Sep/2021:17:37:14 +0000] "POST /login HTTP/1.1" 200 23 "http://localhost:3000/" "Mozilla/5.0 (Linux; Android 6.0; Nexus 5 Build/MRA58N) AppleWebKit/537.36 (KHTML, like Gecko) Chrome/93.0.4577.82 Mobile Safari/537.36"
::1 - - [26/Sep/2021:17:37:14 +0000] "POST /login HTTP/1.1" 200 23 "http://localhost:3000/" "Mozilla/5.0 (Linux; Android 6.0; Nexus 5 Build/MRA58N) AppleWebKit/537.36 (KHTML, like Gecko) Chrome/93.0.4577.82 Mobile Safari/537.36"
::1 - - [26/Sep/2021:17:56:22 +0000] "POST /login HTTP/1.1" 200 23 "http://localhost:3000/" "Mozilla/5.0 (Linux; Android 6.0; Nexus 5 Build/MRA58N) AppleWebKit/537.36 (KHTML, like Gecko) Chrome/93.0.4577.82 Mobile Safari/537.36"
::1 - - [26/Sep/2021:18:45:04 +0000] "POST /login HTTP/1.1" 200 23 "http://localhost:3000/" "Mozilla/5.0 (Linux; Android 6.0; Nexus 5 Build/MRA58N) AppleWebKit/537.36 (KHTML, like Gecko) Chrome/93.0.4577.82 Mobile Safari/537.36"
::1 - - [26/Sep/2021:18:55:12 +0000] "POST /login HTTP/1.1" 200 23 "http://localhost:3000/" "Mozilla/5.0 (Linux; Android 6.0; Nexus 5 Build/MRA58N) AppleWebKit/537.36 (KHTML, like Gecko) Chrome/93.0.4577.82 Mobile Safari/537.36"
::1 - - [26/Sep/2021:19:03:33 +0000] "POST /login HTTP/1.1" 200 23 "http://localhost:3000/" "Mozilla/5.0 (Linux; Android 6.0; Nexus 5 Build/MRA58N) AppleWebKit/537.36 (KHTML, like Gecko) Chrome/93.0.4577.82 Mobile Safari/537.36"
::1 - - [26/Sep/2021:19:05:01 +0000] "POST /login HTTP/1.1" 200 23 "http://localhost:3000/" "Mozilla/5.0 (Linux; Android 6.0; Nexus 5 Build/MRA58N) AppleWebKit/537.36 (KHTML, like Gecko) Chrome/93.0.4577.82 Mobile Safari/537.36"
::1 - - [27/Sep/2021:07:07:07 +0000] "POST /login HTTP/1.1" 400 58 "http://localhost:3000/" "Mozilla/5.0 (Linux; Android 6.0; Nexus 5 Build/MRA58N) AppleWebKit/537.36 (KHTML, like Gecko) Chrome/93.0.4577.82 Mobile Safari/537.36"
::1 - - [27/Sep/2021:07:08:57 +0000] "POST /login HTTP/1.1" 200 58 "http://localhost:3000/" "Mozilla/5.0 (Linux; Android 6.0; Nexus 5 Build/MRA58N) AppleWebKit/537.36 (KHTML, like Gecko) Chrome/93.0.4577.82 Mobile Safari/537.36"
::1 - - [27/Sep/2021:07:12:09 +0000] "POST /login HTTP/1.1" 400 58 "http://localhost:3000/" "Mozilla/5.0 (Linux; Android 6.0; Nexus 5 Build/MRA58N) AppleWebKit/537.36 (KHTML, like Gecko) Chrome/93.0.4577.82 Mobile Safari/537.36"
::1 - - [27/Sep/2021:07:13:39 +0000] "POST /login HTTP/1.1" 200 58 "http://localhost:3000/" "Mozilla/5.0 (Linux; Android 6.0; Nexus 5 Build/MRA58N) AppleWebKit/537.36 (KHTML, like Gecko) Chrome/93.0.4577.82 Mobile Safari/537.36"
::1 - - [27/Sep/2021:07:15:06 +0000] "POST /login HTTP/1.1" 200 62 "http://localhost:3000/" "Mozilla/5.0 (Windows NT 10.0; Win64; x64) AppleWebKit/537.36 (KHTML, like Gecko) Chrome/93.0.4577.82 Safari/537.36"
::1 - - [27/Sep/2021:19:14:25 +0000] "POST /login HTTP/1.1" 200 62 "http://localhost:3000/" "Mozilla/5.0 (Windows NT 10.0; Win64; x64) AppleWebKit/537.36 (KHTML, like Gecko) Chrome/93.0.4577.82 Safari/537.36"
::1 - - [27/Sep/2021:19:15:19 +0000] "POST /login HTTP/1.1" 200 62 "http://localhost:3000/" "Mozilla/5.0 (Windows NT 10.0; Win64; x64) AppleWebKit/537.36 (KHTML, like Gecko) Chrome/93.0.4577.82 Safari/537.36"
::1 - - [28/Sep/2021:16:26:55 +0000] "POST /register HTTP/1.1" 404 148 "http://localhost:3000/" "Mozilla/5.0 (Linux; Android 6.0; Nexus 5 Build/MRA58N) AppleWebKit/537.36 (KHTML, like Gecko) Chrome/93.0.4577.82 Mobile Safari/537.36"
::1 - - [28/Sep/2021:16:49:41 +0000] "POST /register HTTP/1.1" 200 79 "http://localhost:3000/" "Mozilla/5.0 (Linux; Android 6.0; Nexus 5 Build/MRA58N) AppleWebKit/537.36 (KHTML, like Gecko) Chrome/93.0.4577.82 Mobile Safari/537.36"
::1 - - [28/Sep/2021:17:12:27 +0000] "POST /register HTTP/1.1" 200 79 "http://localhost:3000/" "Mozilla/5.0 (Windows NT 10.0; Win64; x64) AppleWebKit/537.36 (KHTML, like Gecko) Chrome/93.0.4577.82 Safari/537.36"
::1 - - [28/Sep/2021:17:13:16 +0000] "POST /register HTTP/1.1" 200 79 "http://localhost:3000/" "Mozilla/5.0 (Windows NT 10.0; Win64; x64) AppleWebKit/537.36 (KHTML, like Gecko) Chrome/93.0.4577.82 Safari/537.36"
::1 - - [28/Sep/2021:17:14:59 +0000] "POST /register HTTP/1.1" 200 79 "http://localhost:3000/" "Mozilla/5.0 (Windows NT 10.0; Win64; x64) AppleWebKit/537.36 (KHTML, like Gecko) Chrome/93.0.4577.82 Safari/537.36"
::1 - - [28/Sep/2021:17:17:00 +0000] "POST /register HTTP/1.1" 200 79 "http://localhost:3000/" "Mozilla/5.0 (Windows NT 10.0; Win64; x64) AppleWebKit/537.36 (KHTML, like Gecko) Chrome/93.0.4577.82 Safari/537.36"
::1 - - [28/Sep/2021:18:11:08 +0000] "POST /register HTTP/1.1" 200 59 "http://localhost:3000/" "Mozilla/5.0 (Windows NT 10.0; Win64; x64) AppleWebKit/537.36 (KHTML, like Gecko) Chrome/93.0.4577.82 Safari/537.36"
::1 - - [28/Sep/2021:18:11:52 +0000] "POST /register HTTP/1.1" 200 59 "http://localhost:3000/" "Mozilla/5.0 (Windows NT 10.0; Win64; x64) AppleWebKit/537.36 (KHTML, like Gecko) Chrome/93.0.4577.82 Safari/537.36"
::1 - - [28/Sep/2021:18:12:44 +0000] "POST /register HTTP/1.1" 200 59 "http://localhost:3000/" "Mozilla/5.0 (Windows NT 10.0; Win64; x64) AppleWebKit/537.36 (KHTML, like Gecko) Chrome/93.0.4577.82 Safari/537.36"
::1 - - [28/Sep/2021:18:13:31 +0000] "POST /register HTTP/1.1" 200 59 "http://localhost:3000/" "Mozilla/5.0 (Windows NT 10.0; Win64; x64) AppleWebKit/537.36 (KHTML, like Gecko) Chrome/93.0.4577.82 Safari/537.36"
::1 - - [28/Sep/2021:18:14:22 +0000] "POST /register HTTP/1.1" 200 59 "http://localhost:3000/" "Mozilla/5.0 (Windows NT 10.0; Win64; x64) AppleWebKit/537.36 (KHTML, like Gecko) Chrome/93.0.4577.82 Safari/537.36"
::1 - - [28/Sep/2021:18:14:58 +0000] "POST /register HTTP/1.1" 200 62 "http://localhost:3000/" "Mozilla/5.0 (Windows NT 10.0; Win64; x64) AppleWebKit/537.36 (KHTML, like Gecko) Chrome/93.0.4577.82 Safari/537.36"
::1 - - [28/Sep/2021:18:49:36 +0000] "POST /register HTTP/1.1" 200 56 "http://localhost:3000/" "Mozilla/5.0 (Windows NT 10.0; Win64; x64) AppleWebKit/537.36 (KHTML, like Gecko) Chrome/93.0.4577.82 Safari/537.36"
::1 - - [28/Sep/2021:18:50:26 +0000] "POST /register HTTP/1.1" 200 57 "http://localhost:3000/" "Mozilla/5.0 (Windows NT 10.0; Win64; x64) AppleWebKit/537.36 (KHTML, like Gecko) Chrome/93.0.4577.82 Safari/537.36"
::1 - - [28/Sep/2021:18:51:26 +0000] "POST /register HTTP/1.1" 200 57 "http://localhost:3000/" "Mozilla/5.0 (Linux; Android 6.0; Nexus 5 Build/MRA58N) AppleWebKit/537.36 (KHTML, like Gecko) Chrome/93.0.4577.82 Mobile Safari/537.36"
::1 - - [28/Sep/2021:18:51:55 +0000] "POST /register HTTP/1.1" 200 57 "http://localhost:3000/" "Mozilla/5.0 (Linux; Android 6.0; Nexus 5 Build/MRA58N) AppleWebKit/537.36 (KHTML, like Gecko) Chrome/93.0.4577.82 Mobile Safari/537.36"
::1 - - [28/Sep/2021:18:55:05 +0000] "POST /register HTTP/1.1" 500 57 "http://localhost:3000/" "Mozilla/5.0 (Linux; Android 6.0; Nexus 5 Build/MRA58N) AppleWebKit/537.36 (KHTML, like Gecko) Chrome/93.0.4577.82 Mobile Safari/537.36"
::1 - - [28/Sep/2021:18:56:22 +0000] "POST /register HTTP/1.1" 500 57 "http://localhost:3000/" "Mozilla/5.0 (Linux; Android 6.0; Nexus 5 Build/MRA58N) AppleWebKit/537.36 (KHTML, like Gecko) Chrome/93.0.4577.82 Mobile Safari/537.36"
::1 - - [28/Sep/2021:18:56:38 +0000] "POST /register HTTP/1.1" 500 57 "http://localhost:3000/" "Mozilla/5.0 (Linux; Android 6.0; Nexus 5 Build/MRA58N) AppleWebKit/537.36 (KHTML, like Gecko) Chrome/93.0.4577.82 Mobile Safari/537.36"
::1 - - [28/Sep/2021:18:57:47 +0000] "POST /register HTTP/1.1" 500 57 "http://localhost:3000/" "Mozilla/5.0 (Linux; Android 6.0; Nexus 5 Build/MRA58N) AppleWebKit/537.36 (KHTML, like Gecko) Chrome/93.0.4577.82 Mobile Safari/537.36"
::1 - - [28/Sep/2021:18:58:51 +0000] "POST /register HTTP/1.1" 200 57 "http://localhost:3000/" "Mozilla/5.0 (Linux; Android 6.0; Nexus 5 Build/MRA58N) AppleWebKit/537.36 (KHTML, like Gecko) Chrome/93.0.4577.82 Mobile Safari/537.36"
::1 - - [28/Sep/2021:18:59:05 +0000] "POST /register HTTP/1.1" 200 57 "http://localhost:3000/" "Mozilla/5.0 (Linux; Android 6.0; Nexus 5 Build/MRA58N) AppleWebKit/537.36 (KHTML, like Gecko) Chrome/93.0.4577.82 Mobile Safari/537.36"
::1 - - [28/Sep/2021:19:01:00 +0000] "POST /register HTTP/1.1" 200 57 "http://localhost:3000/" "Mozilla/5.0 (Linux; Android 6.0; Nexus 5 Build/MRA58N) AppleWebKit/537.36 (KHTML, like Gecko) Chrome/93.0.4577.82 Mobile Safari/537.36"
::1 - - [28/Sep/2021:19:01:05 +0000] "POST /register HTTP/1.1" 200 57 "http://localhost:3000/" "Mozilla/5.0 (Linux; Android 6.0; Nexus 5 Build/MRA58N) AppleWebKit/537.36 (KHTML, like Gecko) Chrome/93.0.4577.82 Mobile Safari/537.36"
::1 - - [28/Sep/2021:19:01:30 +0000] "POST /register HTTP/1.1" 200 57 "http://localhost:3000/" "Mozilla/5.0 (Linux; Android 6.0; Nexus 5 Build/MRA58N) AppleWebKit/537.36 (KHTML, like Gecko) Chrome/93.0.4577.82 Mobile Safari/537.36"
::1 - - [28/Sep/2021:19:08:49 +0000] "POST /register HTTP/1.1" 200 57 "http://localhost:3000/" "Mozilla/5.0 (Linux; Android 6.0; Nexus 5 Build/MRA58N) AppleWebKit/537.36 (KHTML, like Gecko) Chrome/93.0.4577.82 Mobile Safari/537.36"
::1 - - [28/Sep/2021:19:08:55 +0000] "POST /register HTTP/1.1" 200 57 "http://localhost:3000/" "Mozilla/5.0 (Linux; Android 6.0; Nexus 5 Build/MRA58N) AppleWebKit/537.36 (KHTML, like Gecko) Chrome/93.0.4577.82 Mobile Safari/537.36"
::1 - - [28/Sep/2021:19:09:39 +0000] "POST /register HTTP/1.1" 200 57 "http://localhost:3000/" "Mozilla/5.0 (Linux; Android 6.0; Nexus 5 Build/MRA58N) AppleWebKit/537.36 (KHTML, like Gecko) Chrome/93.0.4577.82 Mobile Safari/537.36"
::1 - - [28/Sep/2021:19:10:12 +0000] "POST /register HTTP/1.1" 200 57 "http://localhost:3000/" "Mozilla/5.0 (Linux; Android 6.0; Nexus 5 Build/MRA58N) AppleWebKit/537.36 (KHTML, like Gecko) Chrome/93.0.4577.82 Mobile Safari/537.36"
::1 - - [28/Sep/2021:19:11:30 +0000] "POST /register HTTP/1.1" 200 82 "http://localhost:3000/" "Mozilla/5.0 (Windows NT 10.0; Win64; x64) AppleWebKit/537.36 (KHTML, like Gecko) Chrome/93.0.4577.82 Safari/537.36"
::1 - - [28/Sep/2021:19:13:45 +0000] "POST /register HTTP/1.1" 200 82 "http://localhost:3000/" "Mozilla/5.0 (Windows NT 10.0; Win64; x64) AppleWebKit/537.36 (KHTML, like Gecko) Chrome/93.0.4577.82 Safari/537.36"
::1 - - [28/Sep/2021:19:14:33 +0000] "POST /register HTTP/1.1" 200 82 "http://localhost:3000/" "Mozilla/5.0 (Linux; Android 6.0; Nexus 5 Build/MRA58N) AppleWebKit/537.36 (KHTML, like Gecko) Chrome/93.0.4577.82 Mobile Safari/537.36"
::1 - - [28/Sep/2021:19:52:48 +0000] "POST /register HTTP/1.1" 200 66 "http://localhost:3000/" "Mozilla/5.0 (Linux; Android 6.0; Nexus 5 Build/MRA58N) AppleWebKit/537.36 (KHTML, like Gecko) Chrome/93.0.4577.82 Mobile Safari/537.36"
::1 - - [28/Sep/2021:19:55:08 +0000] "POST /register HTTP/1.1" 200 66 "http://localhost:3000/" "Mozilla/5.0 (Linux; Android 6.0; Nexus 5 Build/MRA58N) AppleWebKit/537.36 (KHTML, like Gecko) Chrome/93.0.4577.82 Mobile Safari/537.36"
::1 - - [28/Sep/2021:19:55:32 +0000] "POST /register HTTP/1.1" 200 66 "http://localhost:3000/" "Mozilla/5.0 (Linux; Android 6.0; Nexus 5 Build/MRA58N) AppleWebKit/537.36 (KHTML, like Gecko) Chrome/93.0.4577.82 Mobile Safari/537.36"
::1 - - [28/Sep/2021:19:55:57 +0000] "POST /register HTTP/1.1" 200 66 "http://localhost:3000/" "Mozilla/5.0 (Linux; Android 6.0; Nexus 5 Build/MRA58N) AppleWebKit/537.36 (KHTML, like Gecko) Chrome/93.0.4577.82 Mobile Safari/537.36"
::1 - - [28/Sep/2021:19:56:06 +0000] "POST /register HTTP/1.1" 200 66 "http://localhost:3000/" "Mozilla/5.0 (Linux; Android 6.0; Nexus 5 Build/MRA58N) AppleWebKit/537.36 (KHTML, like Gecko) Chrome/93.0.4577.82 Mobile Safari/537.36"
::1 - - [28/Sep/2021:19:56:37 +0000] "POST /register HTTP/1.1" 200 66 "http://localhost:3000/" "Mozilla/5.0 (Linux; Android 6.0; Nexus 5 Build/MRA58N) AppleWebKit/537.36 (KHTML, like Gecko) Chrome/93.0.4577.82 Mobile Safari/537.36"
::1 - - [28/Sep/2021:19:56:39 +0000] "POST /register HTTP/1.1" 200 66 "http://localhost:3000/" "Mozilla/5.0 (Linux; Android 6.0; Nexus 5 Build/MRA58N) AppleWebKit/537.36 (KHTML, like Gecko) Chrome/93.0.4577.82 Mobile Safari/537.36"
::1 - - [28/Sep/2021:19:56:49 +0000] "POST /register HTTP/1.1" 200 66 "http://localhost:3000/" "Mozilla/5.0 (Linux; Android 6.0; Nexus 5 Build/MRA58N) AppleWebKit/537.36 (KHTML, like Gecko) Chrome/93.0.4577.82 Mobile Safari/537.36"
::1 - - [28/Sep/2021:19:57:36 +0000] "POST /register HTTP/1.1" 200 66 "http://localhost:3000/" "Mozilla/5.0 (Linux; Android 6.0; Nexus 5 Build/MRA58N) AppleWebKit/537.36 (KHTML, like Gecko) Chrome/93.0.4577.82 Mobile Safari/537.36"
::1 - - [28/Sep/2021:19:58:06 +0000] "POST /register HTTP/1.1" 200 66 "http://localhost:3000/" "Mozilla/5.0 (Linux; Android 6.0; Nexus 5 Build/MRA58N) AppleWebKit/537.36 (KHTML, like Gecko) Chrome/93.0.4577.82 Mobile Safari/537.36"
::1 - - [28/Sep/2021:19:58:21 +0000] "POST /register HTTP/1.1" 200 66 "http://localhost:3000/" "Mozilla/5.0 (Linux; Android 6.0; Nexus 5 Build/MRA58N) AppleWebKit/537.36 (KHTML, like Gecko) Chrome/93.0.4577.82 Mobile Safari/537.36"
::1 - - [28/Sep/2021:19:58:36 +0000] "POST /register HTTP/1.1" 200 66 "http://localhost:3000/" "Mozilla/5.0 (Linux; Android 6.0; Nexus 5 Build/MRA58N) AppleWebKit/537.36 (KHTML, like Gecko) Chrome/93.0.4577.82 Mobile Safari/537.36"
::1 - - [28/Sep/2021:19:58:42 +0000] "POST /register HTTP/1.1" 200 66 "http://localhost:3000/" "Mozilla/5.0 (Linux; Android 6.0; Nexus 5 Build/MRA58N) AppleWebKit/537.36 (KHTML, like Gecko) Chrome/93.0.4577.82 Mobile Safari/537.36"
::1 - - [28/Sep/2021:20:12:22 +0000] "POST /login HTTP/1.1" 200 62 "http://localhost:3000/" "Mozilla/5.0 (Linux; Android 6.0; Nexus 5 Build/MRA58N) AppleWebKit/537.36 (KHTML, like Gecko) Chrome/93.0.4577.82 Mobile Safari/537.36"
::1 - - [28/Sep/2021:20:12:45 +0000] "POST /login HTTP/1.1" 200 62 "http://localhost:3000/" "Mozilla/5.0 (Linux; Android 6.0; Nexus 5 Build/MRA58N) AppleWebKit/537.36 (KHTML, like Gecko) Chrome/93.0.4577.82 Mobile Safari/537.36"
::1 - - [28/Sep/2021:20:19:16 +0000] "POST /register HTTP/1.1" 200 66 "http://localhost:3000/" "Mozilla/5.0 (Linux; Android 6.0; Nexus 5 Build/MRA58N) AppleWebKit/537.36 (KHTML, like Gecko) Chrome/93.0.4577.82 Mobile Safari/537.36"
::1 - - [28/Sep/2021:20:19:29 +0000] "POST /register HTTP/1.1" 200 66 "http://localhost:3000/" "Mozilla/5.0 (Linux; Android 6.0; Nexus 5 Build/MRA58N) AppleWebKit/537.36 (KHTML, like Gecko) Chrome/93.0.4577.82 Mobile Safari/537.36"
::1 - - [28/Sep/2021:20:22:22 +0000] "POST /login HTTP/1.1" 200 65 "http://localhost:3000/" "Mozilla/5.0 (Windows NT 10.0; Win64; x64) AppleWebKit/537.36 (KHTML, like Gecko) Chrome/93.0.4577.82 Safari/537.36"
::1 - - [28/Sep/2021:20:23:26 +0000] "POST /login HTTP/1.1" 200 65 "http://localhost:3000/" "Mozilla/5.0 (Windows NT 10.0; Win64; x64) AppleWebKit/537.36 (KHTML, like Gecko) Chrome/93.0.4577.82 Safari/537.36"
::1 - - [28/Sep/2021:20:23:55 +0000] "POST /login HTTP/1.1" 200 62 "http://localhost:3000/" "Mozilla/5.0 (Windows NT 10.0; Win64; x64) AppleWebKit/537.36 (KHTML, like Gecko) Chrome/93.0.4577.82 Safari/537.36"
::1 - - [28/Sep/2021:20:24:54 +0000] "POST /register HTTP/1.1" 200 66 "http://localhost:3000/" "Mozilla/5.0 (Windows NT 10.0; Win64; x64) AppleWebKit/537.36 (KHTML, like Gecko) Chrome/93.0.4577.82 Safari/537.36"
::1 - - [28/Sep/2021:20:26:03 +0000] "POST /register HTTP/1.1" 200 66 "http://localhost:3000/" "Mozilla/5.0 (Windows NT 10.0; Win64; x64) AppleWebKit/537.36 (KHTML, like Gecko) Chrome/93.0.4577.82 Safari/537.36"
::1 - - [28/Sep/2021:20:26:05 +0000] "POST /register HTTP/1.1" 200 66 "http://localhost:3000/" "Mozilla/5.0 (Windows NT 10.0; Win64; x64) AppleWebKit/537.36 (KHTML, like Gecko) Chrome/93.0.4577.82 Safari/537.36"
::1 - - [28/Sep/2021:20:30:33 +0000] "POST /register HTTP/1.1" 200 74 "http://localhost:3000/" "Mozilla/5.0 (Windows NT 10.0; Win64; x64) AppleWebKit/537.36 (KHTML, like Gecko) Chrome/93.0.4577.82 Safari/537.36"
::1 - - [28/Sep/2021:20:31:05 +0000] "POST /register HTTP/1.1" 200 56 "http://localhost:3000/" "Mozilla/5.0 (Windows NT 10.0; Win64; x64) AppleWebKit/537.36 (KHTML, like Gecko) Chrome/93.0.4577.82 Safari/537.36"
::1 - - [28/Sep/2021:20:31:48 +0000] "POST /register HTTP/1.1" 200 56 "http://localhost:3000/" "Mozilla/5.0 (Windows NT 10.0; Win64; x64) AppleWebKit/537.36 (KHTML, like Gecko) Chrome/93.0.4577.82 Safari/537.36"
::1 - - [28/Sep/2021:20:34:09 +0000] "POST /register HTTP/1.1" 200 66 "http://localhost:3000/" "Mozilla/5.0 (Windows NT 10.0; Win64; x64) AppleWebKit/537.36 (KHTML, like Gecko) Chrome/93.0.4577.82 Safari/537.36"
::1 - - [28/Sep/2021:20:34:51 +0000] "POST /login HTTP/1.1" 200 65 "http://localhost:3000/" "Mozilla/5.0 (Windows NT 10.0; Win64; x64) AppleWebKit/537.36 (KHTML, like Gecko) Chrome/93.0.4577.82 Safari/537.36"
::1 - - [28/Sep/2021:20:36:13 +0000] "POST /register HTTP/1.1" 200 66 "http://localhost:3000/" "Mozilla/5.0 (Windows NT 10.0; Win64; x64) AppleWebKit/537.36 (KHTML, like Gecko) Chrome/93.0.4577.82 Safari/537.36"
::1 - - [28/Sep/2021:20:36:20 +0000] "POST /register HTTP/1.1" 200 56 "http://localhost:3000/" "Mozilla/5.0 (Windows NT 10.0; Win64; x64) AppleWebKit/537.36 (KHTML, like Gecko) Chrome/93.0.4577.82 Safari/537.36"
::1 - - [28/Sep/2021:20:36:34 +0000] "POST /register HTTP/1.1" 200 66 "http://localhost:3000/" "Mozilla/5.0 (Windows NT 10.0; Win64; x64) AppleWebKit/537.36 (KHTML, like Gecko) Chrome/93.0.4577.82 Safari/537.36"
::1 - - [28/Sep/2021:20:38:23 +0000] "POST /register HTTP/1.1" 200 56 "http://localhost:3000/" "Mozilla/5.0 (Windows NT 10.0; Win64; x64) AppleWebKit/537.36 (KHTML, like Gecko) Chrome/93.0.4577.82 Safari/537.36"
::1 - - [28/Sep/2021:20:40:31 +0000] "POST /register HTTP/1.1" 200 56 "http://localhost:3000/" "Mozilla/5.0 (Windows NT 10.0; Win64; x64) AppleWebKit/537.36 (KHTML, like Gecko) Chrome/93.0.4577.82 Safari/537.36"
::1 - - [28/Sep/2021:20:41:55 +0000] "POST /register HTTP/1.1" 200 56 "http://localhost:3000/" "Mozilla/5.0 (Windows NT 10.0; Win64; x64) AppleWebKit/537.36 (KHTML, like Gecko) Chrome/93.0.4577.82 Safari/537.36"
::1 - - [28/Sep/2021:20:42:29 +0000] "POST /register HTTP/1.1" 200 56 "http://localhost:3000/" "Mozilla/5.0 (Windows NT 10.0; Win64; x64) AppleWebKit/537.36 (KHTML, like Gecko) Chrome/93.0.4577.82 Safari/537.36"
::1 - - [28/Sep/2021:20:43:07 +0000] "POST /register HTTP/1.1" 200 56 "http://localhost:3000/" "Mozilla/5.0 (Windows NT 10.0; Win64; x64) AppleWebKit/537.36 (KHTML, like Gecko) Chrome/93.0.4577.82 Safari/537.36"
::1 - - [28/Sep/2021:20:43:31 +0000] "POST /register HTTP/1.1" 200 56 "http://localhost:3000/" "Mozilla/5.0 (Windows NT 10.0; Win64; x64) AppleWebKit/537.36 (KHTML, like Gecko) Chrome/93.0.4577.82 Safari/537.36"
::1 - - [28/Sep/2021:20:47:45 +0000] "POST /register HTTP/1.1" 200 60 "http://localhost:3000/" "Mozilla/5.0 (Windows NT 10.0; Win64; x64) AppleWebKit/537.36 (KHTML, like Gecko) Chrome/93.0.4577.82 Safari/537.36"
::1 - - [28/Sep/2021:20:48:26 +0000] "POST /register HTTP/1.1" 200 60 "http://localhost:3000/" "Mozilla/5.0 (Windows NT 10.0; Win64; x64) AppleWebKit/537.36 (KHTML, like Gecko) Chrome/93.0.4577.82 Safari/537.36"
::1 - - [28/Sep/2021:20:48:48 +0000] "POST /register HTTP/1.1" 200 56 "http://localhost:3000/" "Mozilla/5.0 (Windows NT 10.0; Win64; x64) AppleWebKit/537.36 (KHTML, like Gecko) Chrome/93.0.4577.82 Safari/537.36"
::1 - - [28/Sep/2021:20:49:07 +0000] "POST /register HTTP/1.1" 200 56 "http://localhost:3000/" "Mozilla/5.0 (Windows NT 10.0; Win64; x64) AppleWebKit/537.36 (KHTML, like Gecko) Chrome/93.0.4577.82 Safari/537.36"
::1 - - [28/Sep/2021:20:49:33 +0000] "POST /register HTTP/1.1" 200 56 "http://localhost:3000/" "Mozilla/5.0 (Windows NT 10.0; Win64; x64) AppleWebKit/537.36 (KHTML, like Gecko) Chrome/93.0.4577.82 Safari/537.36"
::1 - - [28/Sep/2021:20:50:12 +0000] "POST /register HTTP/1.1" 200 64 "http://localhost:3000/" "Mozilla/5.0 (Windows NT 10.0; Win64; x64) AppleWebKit/537.36 (KHTML, like Gecko) Chrome/93.0.4577.82 Safari/537.36"
::1 - - [28/Sep/2021:20:50:19 +0000] "POST /register HTTP/1.1" 200 66 "http://localhost:3000/" "Mozilla/5.0 (Windows NT 10.0; Win64; x64) AppleWebKit/537.36 (KHTML, like Gecko) Chrome/93.0.4577.82 Safari/537.36"
::1 - - [28/Sep/2021:20:50:37 +0000] "POST /login HTTP/1.1" 200 65 "http://localhost:3000/" "Mozilla/5.0 (Windows NT 10.0; Win64; x64) AppleWebKit/537.36 (KHTML, like Gecko) Chrome/93.0.4577.82 Safari/537.36"
